Sep-20 14:43:47.004 [main] DEBUG nextflow.cli.Launcher - $> /camp/apps/misc/stp/babs/manual/software/n/nextflow-0.31.1/nextflow run main.nf --design /camp/stp/babs/working/patelh/code/nextflow/data/hg19/test_atacSeqPE/hg19_test_design.csv --genome GRCh37 -profile crick_modules
Sep-20 14:43:47.190 [main] INFO  nextflow.cli.CmdRun - N E X T F L O W  ~  version 0.31.1
Sep-20 14:43:47.229 [main] INFO  nextflow.cli.CmdRun - Launching `main.nf` [desperate_albattani] - revision: 289f9d98f8
Sep-20 14:43:47.255 [main] DEBUG nextflow.config.ConfigBuilder - Found config local: /camp/stp/babs/working/patelh/code/nextflow/nf-core-atacseq/nextflow.config
Sep-20 14:43:47.256 [main] DEBUG nextflow.config.ConfigBuilder - Parsing config file: /camp/stp/babs/working/patelh/code/nextflow/nf-core-atacseq/nextflow.config
Sep-20 14:43:47.293 [main] DEBUG nextflow.config.ConfigBuilder - Applying config profile: `crick_modules`
Sep-20 14:43:48.107 [main] DEBUG nextflow.config.ConfigBuilder - Available config profiles: [standard, crick_modules, test, conda, singularity, awsbatch, none, docker]
Sep-20 14:43:48.140 [main] DEBUG nextflow.Session - Session uuid: 37ae4949-ae0a-499b-8221-7b46eeebb1dd
Sep-20 14:43:48.140 [main] DEBUG nextflow.Session - Run name: desperate_albattani
Sep-20 14:43:48.141 [main] DEBUG nextflow.Session - Executor pool size: 32
Sep-20 14:43:48.164 [main] DEBUG nextflow.cli.CmdRun - 
  Version: 0.31.1 build 4886
  Modified: 07-08-2018 15:53 UTC (16:53 BST)
  System: Linux 3.10.0-514.26.2.el7.x86_64
  Runtime: Groovy 2.4.15 on Java HotSpot(TM) 64-Bit Server VM 1.8.0_172-b11
  Encoding: UTF-8 (ANSI_X3.4-1968)
  Process: 32144@ca170.camp.thecrick.org [10.28.0.180]
  CPUs: 32 - Mem: 251.1 GB (222.8 GB) - Swap: 8 GB (7.7 GB)
Sep-20 14:43:48.204 [main] DEBUG nextflow.Session - Work-dir: /camp/stp/babs/working/patelh/code/nextflow/nf-core-atacseq/work [gpfs]
Sep-20 14:43:48.447 [main] DEBUG nextflow.Session - Session start invoked
Sep-20 14:43:48.451 [main] DEBUG nextflow.processor.TaskDispatcher - Dispatcher > start
Sep-20 14:43:48.452 [main] DEBUG nextflow.trace.TraceFileObserver - Flow starting -- trace file: /camp/stp/babs/working/patelh/code/nextflow/nf-core-atacseq/results/pipeline_info/pipeline_info/nf-core/atacseq_trace.txt
Sep-20 14:43:48.464 [main] DEBUG nextflow.script.ScriptRunner - > Script parsing
Sep-20 14:43:48.623 [main] WARN  nextflow.Session - The config file defines settings for an unknown process: fastqc
Sep-20 14:43:48.625 [main] DEBUG nextflow.script.ScriptRunner - > Launching execution
Sep-20 14:43:48.746 [main] INFO  nextflow.Nextflow - =======================================================
                                          ,--./,-.
          ___     __   __   __   ___     /,-._.--~'
    |\ | |__  __ /  ` /  \ |__) |__         }  {
    | \| |       \__, \__/ |  \ |___     \`-._,-`-,
                                          `._,._,'


=======================================================
Sep-20 14:43:48.749 [main] DEBUG nextflow.Session - Session aborted -- Cause: No such property: manifest for class: _nf_script_a6d8d75d
Sep-20 14:43:48.882 [main] ERROR nextflow.cli.Launcher - @unknown
groovy.lang.MissingPropertyException: No such property: manifest for class: _nf_script_a6d8d75d
	at org.codehaus.groovy.runtime.ScriptBytecodeAdapter.unwrap(ScriptBytecodeAdapter.java:66)
	at org.codehaus.groovy.runtime.callsite.PogoGetPropertySite.getProperty(PogoGetPropertySite.java:51)
	at org.codehaus.groovy.runtime.callsite.AbstractCallSite.callGroovyObjectGetProperty(AbstractCallSite.java:310)
	at _nf_script_a6d8d75d.run(_nf_script_a6d8d75d:193)
	at nextflow.script.ScriptRunner.run(ScriptRunner.groovy:379)
	at nextflow.script.ScriptRunner.execute(ScriptRunner.groovy:168)
	at nextflow.cli.CmdRun.run(CmdRun.groovy:235)
	at nextflow.cli.Launcher.run(Launcher.groovy:432)
	at nextflow.cli.Launcher.main(Launcher.groovy:590)
